# JRE version: OpenJDK Runtime Environment Temurin-11.0.13+8 (11.0.13+8) (build 11.0.13+8)
# Java VM: OpenJDK 64-Bit Server VM Temurin-11.0.13+8 (11.0.13+8, mixed mode, tiered, compressed oops, g1 gc, windows-amd64)
Heap:
 garbage-first heap   total 242688K, used 97646K [0x00000004d7800000, 0x00000005d4200000)
  region size 1024K, 3 young (3072K), 0 survivors (0K)
 Metaspace       used 88001K, capacity 89577K, committed 89728K, reserved 1128448K
  class space    used 10915K, capacity 11522K, committed 11648K, reserved 1048576K
GC Heap History (20 events):
Event: 30.118 GC heap before
{Heap before GC invocations=41 (full 22):
 garbage-first heap   total 145408K, used 115684K [0x00000004d7800000, 0x00000005d4200000)
  region size 1024K, 30 young (30720K), 0 survivors (0K)
 Metaspace       used 74370K, capacity 75420K, committed 75520K, reserved 1116160K
  class space    used 9245K, capacity 9644K, committed 9728K, reserved 1048576K
}
Event: 30.123 GC heap after
{Heap after GC invocations=42 (full 22):
 garbage-first heap   total 145408K, used 89102K [0x00000004d7800000, 0x00000005d4200000)
  region size 1024K, 4 young (4096K), 4 survivors (4096K)
 Metaspace       used 74370K, capacity 75420K, committed 75520K, reserved 1116160K
  class space    used 9245K, capacity 9644K, committed 9728K, reserved 1048576K
}
Event: 30.180 GC heap before
{Heap before GC invocations=42 (full 22):
 garbage-first heap   total 145408K, used 97294K [0x00000004d7800000, 0x00000005d4200000)
  region size 1024K, 13 young (13312K), 4 survivors (4096K)
 Metaspace       used 74666K, capacity 75723K, committed 75776K, reserved 1116160K
  class space    used 9270K, capacity 9680K, committed 9728K, reserved 1048576K
}
Event: 30.243 GC heap after
{Heap after GC invocations=43 (full 23):
 garbage-first heap   total 150528K, used 89004K [0x00000004d7800000, 0x00000005d4200000)
  region size 1024K, 0 young (0K), 0 survivors (0K)
 Metaspace       used 74666K, capacity 75723K, committed 75776K, reserved 1116160K
  class space    used 9270K, capacity 9680K, committed 9728K, reserved 1048576K
}
Event: 31.539 GC heap before
{Heap before GC invocations=43 (full 23):
 garbage-first heap   total 150528K, used 120748K [0x00000004d7800000, 0x00000005d4200000)
  region size 1024K, 31 young (31744K), 0 survivors (0K)
 Metaspace       used 79114K, capacity 80249K, committed 80384K, reserved 1120256K
  class space    used 9803K, capacity 10225K, committed 10240K, reserved 1048576K
}
Event: 31.542 GC heap after
{Heap after GC invocations=44 (full 23):
 garbage-first heap   total 150528K, used 91603K [0x00000004d7800000, 0x00000005d4200000)
  region size 1024K, 3 young (3072K), 3 survivors (3072K)
 Metaspace       used 79114K, capacity 80249K, committed 80384K, reserved 1120256K
  class space    used 9803K, capacity 10225K, committed 10240K, reserved 1048576K
}
Event: 32.912 GC heap before
{Heap before GC invocations=44 (full 23):
 garbage-first heap   total 150528K, used 122323K [0x00000004d7800000, 0x00000005d4200000)
  region size 1024K, 33 young (33792K), 3 survivors (3072K)
 Metaspace       used 83891K, capacity 85170K, committed 85504K, reserved 1124352K
  class space    used 10449K, capacity 10922K, committed 11008K, reserved 1048576K
}
Event: 32.922 GC heap after
{Heap after GC invocations=45 (full 23):
 garbage-first heap   total 150528K, used 93533K [0x00000004d7800000, 0x00000005d4200000)
  region size 1024K, 5 young (5120K), 5 survivors (5120K)
 Metaspace       used 83891K, capacity 85170K, committed 85504K, reserved 1124352K
  class space    used 10449K, capacity 10922K, committed 11008K, reserved 1048576K
}
Event: 33.585 GC heap before
{Heap before GC invocations=46 (full 23):
 garbage-first heap   total 150528K, used 123229K [0x00000004d7800000, 0x00000005d4200000)
  region size 1024K, 34 young (34816K), 5 survivors (5120K)
 Metaspace       used 85378K, capacity 86807K, committed 87040K, reserved 1124352K
  class space    used 10601K, capacity 11143K, committed 11264K, reserved 1048576K
}
Event: 33.592 GC heap after
{Heap after GC invocations=47 (full 23):
 garbage-first heap   total 242688K, used 95054K [0x00000004d7800000, 0x00000005d4200000)
  region size 1024K, 4 young (4096K), 4 survivors (4096K)
 Metaspace       used 85378K, capacity 86807K, committed 87040K, reserved 1124352K
  class space    used 10601K, capacity 11143K, committed 11264K, reserved 1048576K
}
Event: 33.626 GC heap before
{Heap before GC invocations=47 (full 23):
 garbage-first heap   total 242688K, used 95054K [0x00000004d7800000, 0x00000005d4200000)
  region size 1024K, 5 young (5120K), 4 survivors (4096K)
 Metaspace       used 85457K, capacity 86890K, committed 87040K, reserved 1124352K
  class space    used 10611K, capacity 11149K, committed 11264K, reserved 1048576K
}
Event: 33.696 GC heap after
{Heap after GC invocations=48 (full 24):
 garbage-first heap   total 242688K, used 93815K [0x00000004d7800000, 0x00000005d4200000)
  region size 1024K, 0 young (0K), 0 survivors (0K)
 Metaspace       used 85457K, capacity 86890K, committed 87040K, reserved 1124352K
  class space    used 10611K, capacity 11149K, committed 11264K, reserved 1048576K
}
Event: 33.729 GC heap before
{Heap before GC invocations=48 (full 24):
 garbage-first heap   total 242688K, used 94839K [0x00000004d7800000, 0x00000005d4200000)
  region size 1024K, 2 young (2048K), 0 survivors (0K)
 Metaspace       used 85477K, capacity 86959K, committed 87296K, reserved 1126400K
  class space    used 10612K, capacity 11149K, committed 11264K, reserved 1048576K
}
Event: 33.816 GC heap after
{Heap after GC invocations=49 (full 25):
 garbage-first heap   total 242688K, used 93924K [0x00000004d7800000, 0x00000005d4200000)
  region size 1024K, 0 young (0K), 0 survivors (0K)
 Metaspace       used 85477K, capacity 86959K, committed 87296K, reserved 1126400K
  class space    used 10612K, capacity 11149K, committed 11264K, reserved 1048576K
}
Event: 35.233 GC heap before
{Heap before GC invocations=49 (full 25):
 garbage-first heap   total 242688K, used 186084K [0x00000004d7800000, 0x00000005d4200000)
  region size 1024K, 90 young (92160K), 0 survivors (0K)
 Metaspace       used 87678K, capacity 89277K, committed 89344K, reserved 1126400K
  class space    used 10885K, capacity 11509K, committed 11520K, reserved 1048576K
}
Event: 35.237 GC heap after
{Heap after GC invocations=50 (full 25):
 garbage-first heap   total 242688K, used 97578K [0x00000004d7800000, 0x00000005d4200000)
  region size 1024K, 4 young (4096K), 4 survivors (4096K)
 Metaspace       used 87678K, capacity 89277K, committed 89344K, reserved 1126400K
  class space    used 10885K, capacity 11509K, committed 11520K, reserved 1048576K
}
Event: 35.280 GC heap before
{Heap before GC invocations=50 (full 25):
 garbage-first heap   total 242688K, used 107818K [0x00000004d7800000, 0x00000005d4200000)
  region size 1024K, 15 young (15360K), 4 survivors (4096K)
 Metaspace       used 87702K, capacity 89344K, committed 89600K, reserved 1128448K
  class space    used 10885K, capacity 11509K, committed 11520K, reserved 1048576K
}
Event: 35.374 GC heap after
{Heap after GC invocations=51 (full 26):
 garbage-first heap   total 242688K, used 95645K [0x00000004d7800000, 0x00000005d4200000)
  region size 1024K, 0 young (0K), 0 survivors (0K)
 Metaspace       used 87702K, capacity 89344K, committed 89600K, reserved 1128448K
  class space    used 10885K, capacity 11509K, committed 11520K, reserved 1048576K
}
Event: 35.424 GC heap before
{Heap before GC invocations=51 (full 26):
 garbage-first heap   total 242688K, used 97693K [0x00000004d7800000, 0x00000005d4200000)
  region size 1024K, 3 young (3072K), 0 survivors (0K)
 Metaspace       used 87735K, capacity 89360K, committed 89600K, reserved 1128448K
  class space    used 10890K, capacity 11514K, committed 11520K, reserved 1048576K
}
Event: 35.505 GC heap after
{Heap after GC invocations=52 (full 27):
 garbage-first heap   total 242688K, used 95598K [0x00000004d7800000, 0x00000005d4200000)
  region size 1024K, 0 young (0K), 0 survivors (0K)
 Metaspace       used 87735K, capacity 89360K, committed 89600K, reserved 1128448K
  class space    used 10890K, capacity 11514K, committed 11520K, reserved 1048576K
}

